<?xml version="1.0" encoding="UTF-8"?>
<!-- Generated by org.testng.reporters.JUnitReportReporter -->
<testsuite hostname="dellinspiron2021" failures="0" tests="23" name="runner.TestRunner" time="37.211" errors="0" timestamp="2023-11-09T10:25:18 IST" skipped="0">
  <testcase classname="runner.TestRunner" name="runScenario" time="1.030"/>
  <system-out/>
  <testcase classname="runner.TestRunner" name="runScenario" time="0.985"/>
  <system-out/>
  <testcase classname="runner.TestRunner" name="runScenario" time="2.659"/>
  <system-out/>
  <testcase classname="runner.TestRunner" name="runScenario" time="2.742"/>
  <system-out/>
  <testcase classname="runner.TestRunner" name="runScenario" time="1.033"/>
  <system-out/>
  <testcase classname="runner.TestRunner" name="runScenario" time="2.538"/>
  <system-out/>
  <testcase classname="runner.TestRunner" name="runScenario" time="2.537"/>
  <system-out/>
  <testcase classname="runner.TestRunner" name="runScenario" time="1.063"/>
  <system-out/>
  <testcase classname="runner.TestRunner" name="runScenario" time="1.412"/>
  <system-out/>
  <testcase classname="runner.TestRunner" name="runScenario" time="1.315"/>
  <system-out/>
  <testcase classname="runner.TestRunner" name="runScenario" time="2.537"/>
  <system-out/>
  <testcase classname="runner.TestRunner" name="runScenario" time="0.229"/>
  <system-out/>
  <testcase classname="runner.TestRunner" name="runScenario" time="0.467"/>
  <system-out/>
  <testcase classname="runner.TestRunner" name="runScenario" time="1.069"/>
  <system-out/>
  <testcase classname="runner.TestRunner" name="runScenario" time="2.742"/>
  <system-out/>
  <testcase classname="runner.TestRunner" name="runScenario" time="0.210"/>
  <system-out/>
  <testcase classname="runner.TestRunner" name="runScenario" time="0.204"/>
  <system-out/>
  <testcase classname="runner.TestRunner" name="runScenario" time="0.983"/>
  <system-out/>
  <testcase classname="runner.TestRunner" name="runScenario" time="2.538"/>
  <system-out/>
  <testcase classname="runner.TestRunner" name="runScenario" time="2.537"/>
  <system-out/>
  <testcase classname="runner.TestRunner" name="runScenario" time="0.989"/>
  <system-out/>
  <testcase classname="runner.TestRunner" name="runScenario" time="2.694"/>
  <system-out/>
  <testcase classname="runner.TestRunner" name="runScenario" time="2.698"/>
  <system-out/>
</testsuite> <!-- runner.TestRunner -->
